[16-Jun-2025 14:32:02 UTC] PHP Warning:  mysqli_real_connect(): (HY000/1045): Access denied for user ''@'localhost' (using password: YES) in C:\Users\KevinNhan\Documents\bonsai-wp\web\wp\wp-includes\class-wpdb.php on line 1982
[16-Jun-2025 14:32:43 UTC] PHP Warning:  mysqli_real_connect(): (HY000/1045): Access denied for user ''@'localhost' (using password: YES) in C:\Users\KevinNhan\Documents\bonsai-wp\web\wp\wp-includes\class-wpdb.php on line 1982
[16-Jun-2025 14:33:56 UTC] PHP Warning:  mysqli_real_connect(): (HY000/1045): Access denied for user ''@'localhost' (using password: YES) in C:\Users\KevinNhan\Documents\bonsai-wp\web\wp\wp-includes\class-wpdb.php on line 1982
[16-Jun-2025 14:34:09 UTC] PHP Warning:  mysqli_real_connect(): (HY000/1045): Access denied for user ''@'localhost' (using password: YES) in C:\Users\KevinNhan\Documents\bonsai-wp\web\wp\wp-includes\class-wpdb.php on line 1982
[16-Jun-2025 14:34:17 UTC] PHP Warning:  mysqli_real_connect(): (HY000/1045): Access denied for user ''@'localhost' (using password: YES) in C:\Users\KevinNhan\Documents\bonsai-wp\web\wp\wp-includes\class-wpdb.php on line 1982
[16-Jun-2025 14:34:26 UTC] PHP Warning:  mysqli_real_connect(): (HY000/1045): Access denied for user ''@'localhost' (using password: YES) in C:\Users\KevinNhan\Documents\bonsai-wp\web\wp\wp-includes\class-wpdb.php on line 1982
[16-Jun-2025 14:35:12 UTC] PHP Warning:  mysqli_real_connect(): (HY000/1045): Access denied for user ''@'localhost' (using password: YES) in C:\Users\KevinNhan\Documents\bonsai-wp\web\wp\wp-includes\class-wpdb.php on line 1982
[16-Jun-2025 14:35:23 UTC] PHP Warning:  mysqli_real_connect(): (HY000/1045): Access denied for user ''@'localhost' (using password: YES) in C:\Users\KevinNhan\Documents\bonsai-wp\web\wp\wp-includes\class-wpdb.php on line 1982
[16-Jun-2025 14:36:04 UTC] PHP Warning:  mysqli_real_connect(): (HY000/1045): Access denied for user 'postgres'@'localhost' (using password: YES) in C:\Users\KevinNhan\Documents\bonsai-wp\web\wp\wp-includes\class-wpdb.php on line 1982
[16-Jun-2025 14:36:42 UTC] PHP Warning:  mysqli_real_connect(): (HY000/1045): Access denied for user 'postgres'@'localhost' (using password: YES) in C:\Users\KevinNhan\Documents\bonsai-wp\web\wp\wp-includes\class-wpdb.php on line 1982
[16-Jun-2025 14:36:57 UTC] PHP Warning:  mysqli_real_connect(): (HY000/1045): Access denied for user 'postgres'@'localhost' (using password: YES) in C:\Users\KevinNhan\Documents\bonsai-wp\web\wp\wp-includes\class-wpdb.php on line 1982
[16-Jun-2025 14:38:53 UTC] PHP Warning:  mysqli_real_connect(): (HY000/1045): Access denied for user 'postgres'@'localhost' (using password: YES) in C:\Users\KevinNhan\Documents\bonsai-wp\web\wp\wp-includes\class-wpdb.php on line 1982
[16-Jun-2025 14:41:17 UTC] PHP Warning:  mysqli_real_connect(): (HY000/1045): Access denied for user 'postgres'@'localhost' (using password: YES) in C:\Users\KevinNhan\Documents\bonsai-wp\web\wp\wp-includes\class-wpdb.php on line 1982
[16-Jun-2025 14:41:43 UTC] PHP Warning:  mysqli_real_connect(): (HY000/1045): Access denied for user 'postgres'@'localhost' (using password: YES) in C:\Users\KevinNhan\Documents\bonsai-wp\web\wp\wp-includes\class-wpdb.php on line 1982
[16-Jun-2025 14:42:04 UTC] PHP Warning:  mysqli_real_connect(): (HY000/1045): Access denied for user 'postgres'@'localhost' (using password: YES) in C:\Users\KevinNhan\Documents\bonsai-wp\web\wp\wp-includes\class-wpdb.php on line 1982
[16-Jun-2025 14:42:23 UTC] PHP Warning:  mysqli_real_connect(): (HY000/1045): Access denied for user 'postgres'@'localhost' (using password: YES) in C:\Users\KevinNhan\Documents\bonsai-wp\web\wp\wp-includes\class-wpdb.php on line 1982
[16-Jun-2025 14:48:21 UTC] PHP Warning:  mysqli_real_connect(): php_network_getaddresses: getaddrinfo for mysql failed: No such host is known.  in C:\Users\KevinNhan\Documents\bonsai-wp\web\wp\wp-includes\class-wpdb.php on line 1982
[16-Jun-2025 14:48:21 UTC] PHP Warning:  mysqli_real_connect(): (HY000/2002): php_network_getaddresses: getaddrinfo for mysql failed: No such host is known.  in C:\Users\KevinNhan\Documents\bonsai-wp\web\wp\wp-includes\class-wpdb.php on line 1982
[16-Jun-2025 15:00:41 UTC] PHP Fatal error:  Maximum execution time of 30 seconds exceeded in C:\Users\KevinNhan\Documents\bonsai-wp\web\wp\wp-includes\functions.php on line 5426
[16-Jun-2025 15:10:45 UTC] PHP Fatal error:  Maximum execution time of 30 seconds exceeded in C:\Users\KevinNhan\Documents\bonsai-wp\web\wp\wp-includes\blocks\blocks-json.php on line 3
